2021-06-02T02:11:42.231+0600 [DEBUG] [org.gradle.launcher.daemon.bootstrap.DaemonMain] Assuming the daemon was started with following jvm opts: [-Xmx1536M, -Dfile.encoding=UTF-8, -Duser.country=US, -Duser.language=en, -Duser.variant]
2021-06-02T02:11:42.283+0600 [INFO] [org.gradle.launcher.daemon.server.Daemon] start() called on daemon - DefaultDaemonContext[uid=31a71fdc-70b4-41ba-b18e-b97e81c942f6,javaHome=/opt/android-studio-4.1/android-studio/jre,daemonRegistryDir=/home/sma/CSE486/1431000-SP21-CSE486-S01/Project/Version01/CPC_JobFinder/wrapper/daemon,pid=39050,idleTimeout=10800000,priority=NORMAL,daemonOpts=-Xmx1536M,-Dfile.encoding=UTF-8,-Duser.country=US,-Duser.language=en,-Duser.variant]
2021-06-02T02:11:42.292+0600 [DEBUG] [org.gradle.internal.remote.internal.inet.InetAddresses] Adding IP addresses for network interface enp34s0
2021-06-02T02:11:42.293+0600 [DEBUG] [org.gradle.internal.remote.internal.inet.InetAddresses] Is this a loopback interface? false
2021-06-02T02:11:42.293+0600 [DEBUG] [org.gradle.internal.remote.internal.inet.InetAddresses] Adding remote address /fe80:0:0:0:1561:1824:4665:caad%enp34s0
2021-06-02T02:11:42.293+0600 [DEBUG] [org.gradle.internal.remote.internal.inet.InetAddresses] Adding remote address /192.168.1.7
2021-06-02T02:11:42.293+0600 [DEBUG] [org.gradle.internal.remote.internal.inet.InetAddresses] Adding IP addresses for network interface lo
2021-06-02T02:11:42.295+0600 [DEBUG] [org.gradle.internal.remote.internal.inet.InetAddresses] Is this a loopback interface? true
2021-06-02T02:11:42.295+0600 [DEBUG] [org.gradle.internal.remote.internal.inet.InetAddresses] Adding loopback address /0:0:0:0:0:0:0:1%lo
2021-06-02T02:11:42.295+0600 [DEBUG] [org.gradle.internal.remote.internal.inet.InetAddresses] Adding loopback address /127.0.0.1
2021-06-02T02:11:42.296+0600 [DEBUG] [org.gradle.internal.remote.internal.inet.TcpIncomingConnector] Listening on [b0ebc8a0-d6a7-439b-b0c5-7eaada86a7eb port:35423, addresses:[localhost/127.0.0.1]].
2021-06-02T02:11:42.298+0600 [DEBUG] [org.gradle.launcher.daemon.server.Daemon] Daemon starting at: Wed Jun 02 02:11:42 BDT 2021, with address: [b0ebc8a0-d6a7-439b-b0c5-7eaada86a7eb port:35423, addresses:[localhost/127.0.0.1]]
2021-06-02T02:11:42.298+0600 [INFO] [org.gradle.launcher.daemon.server.DaemonRegistryUpdater] Advertising the daemon address to the clients: [b0ebc8a0-d6a7-439b-b0c5-7eaada86a7eb port:35423, addresses:[localhost/127.0.0.1]]
2021-06-02T02:11:42.298+0600 [DEBUG] [org.gradle.launcher.daemon.server.DaemonRegistryUpdater] Advertised daemon context: DefaultDaemonContext[uid=31a71fdc-70b4-41ba-b18e-b97e81c942f6,javaHome=/opt/android-studio-4.1/android-studio/jre,daemonRegistryDir=/home/sma/CSE486/1431000-SP21-CSE486-S01/Project/Version01/CPC_JobFinder/wrapper/daemon,pid=39050,idleTimeout=10800000,priority=NORMAL,daemonOpts=-Xmx1536M,-Dfile.encoding=UTF-8,-Duser.country=US,-Duser.language=en,-Duser.variant]
2021-06-02T02:11:42.299+0600 [DEBUG] [org.gradle.launcher.daemon.registry.PersistentDaemonRegistry] Storing daemon address: [b0ebc8a0-d6a7-439b-b0c5-7eaada86a7eb port:35423, addresses:[localhost/127.0.0.1]], context: DefaultDaemonContext[uid=31a71fdc-70b4-41ba-b18e-b97e81c942f6,javaHome=/opt/android-studio-4.1/android-studio/jre,daemonRegistryDir=/home/sma/CSE486/1431000-SP21-CSE486-S01/Project/Version01/CPC_JobFinder/wrapper/daemon,pid=39050,idleTimeout=10800000,priority=NORMAL,daemonOpts=-Xmx1536M,-Dfile.encoding=UTF-8,-Duser.country=US,-Duser.language=en,-Duser.variant]
2021-06-02T02:11:42.302+0600 [DEBUG] [org.gradle.cache.internal.DefaultFileLockManager] Waiting to acquire exclusive lock on daemon addresses registry.
2021-06-02T02:11:42.304+0600 [DEBUG] [org.gradle.cache.internal.DefaultFileLockManager] Lock acquired on daemon addresses registry.
2021-06-02T02:11:42.306+0600 [DEBUG] [org.gradle.cache.internal.DefaultFileLockManager] Releasing lock on daemon addresses registry.
2021-06-02T02:11:42.306+0600 [LIFECYCLE] [org.gradle.launcher.daemon.server.Daemon] Daemon server started.
2021-06-02T02:11:42.307+0600 [DEBUG] [org.gradle.launcher.daemon.bootstrap.DaemonStartupCommunication] Completed writing the daemon greeting. Closing streams...
2021-06-02T02:11:42.309+0600 [DEBUG] [org.gradle.launcher.daemon.server.Daemon] stopOnExpiration() called on daemon
2021-06-02T02:11:42.309+0600 [DEBUG] [org.gradle.launcher.daemon.server.Daemon] awaitExpiration() called on daemon
2021-06-02T02:11:42.310+0600 [DEBUG] [org.gradle.launcher.daemon.server.DaemonStateCoordinator] daemon is running. Sleeping until state changes.
2021-06-02T02:11:42.315+0600 [DEBUG] [org.gradle.internal.remote.internal.inet.TcpIncomingConnector] Accepted connection from /127.0.0.1:60578 to /127.0.0.1:35423.
2021-06-02T02:11:42.362+0600 [DEBUG] [org.gradle.launcher.daemon.server.SynchronizedDispatchConnection] thread 16: received class org.gradle.launcher.daemon.protocol.Build
2021-06-02T02:11:42.362+0600 [DEBUG] [org.gradle.launcher.daemon.server.DefaultDaemonConnection] thread 16: Received non-IO message from client: Build{id=f8054caa-abd6-477d-b836-98add1792589, currentDir=/home/sma/CSE486/1431000-SP21-CSE486-S01/Project/Version01/CPC_JobFinder}
2021-06-02T02:11:42.363+0600 [INFO] [org.gradle.launcher.daemon.server.DefaultIncomingConnectionHandler] Received command: Build{id=f8054caa-abd6-477d-b836-98add1792589, currentDir=/home/sma/CSE486/1431000-SP21-CSE486-S01/Project/Version01/CPC_JobFinder}.
2021-06-02T02:11:42.363+0600 [DEBUG] [org.gradle.launcher.daemon.server.DefaultIncomingConnectionHandler] Starting executing command: Build{id=f8054caa-abd6-477d-b836-98add1792589, currentDir=/home/sma/CSE486/1431000-SP21-CSE486-S01/Project/Version01/CPC_JobFinder} with connection: socket connection from /127.0.0.1:35423 to /127.0.0.1:60578.
2021-06-02T02:11:42.365+0600 [ERROR] [org.gradle.launcher.daemon.server.DaemonStateCoordinator] Command execution: started DaemonCommandExecution[command = Build{id=f8054caa-abd6-477d-b836-98add1792589, currentDir=/home/sma/CSE486/1431000-SP21-CSE486-S01/Project/Version01/CPC_JobFinder}, connection = DefaultDaemonConnection: socket connection from /127.0.0.1:35423 to /127.0.0.1:60578] after 0.0 minutes of idle
2021-06-02T02:11:42.365+0600 [INFO] [org.gradle.launcher.daemon.server.DaemonRegistryUpdater] Marking the daemon as busy, address: [b0ebc8a0-d6a7-439b-b0c5-7eaada86a7eb port:35423, addresses:[localhost/127.0.0.1]]
2021-06-02T02:11:42.366+0600 [DEBUG] [org.gradle.launcher.daemon.registry.PersistentDaemonRegistry] Marking busy by address: [b0ebc8a0-d6a7-439b-b0c5-7eaada86a7eb port:35423, addresses:[localhost/127.0.0.1]]
2021-06-02T02:11:42.366+0600 [DEBUG] [org.gradle.cache.internal.DefaultFileLockManager] Waiting to acquire exclusive lock on daemon addresses registry.
2021-06-02T02:11:42.367+0600 [DEBUG] [org.gradle.cache.internal.DefaultFileLockManager] Lock acquired on daemon addresses registry.
2021-06-02T02:11:42.368+0600 [DEBUG] [org.gradle.cache.internal.DefaultFileLockManager] Releasing lock on daemon addresses registry.
2021-06-02T02:11:42.368+0600 [DEBUG] [org.gradle.launcher.daemon.server.DaemonStateCoordinator] resetting idle timer
2021-06-02T02:11:42.368+0600 [DEBUG] [org.gradle.launcher.daemon.server.DaemonStateCoordinator] daemon is running. Sleeping until state changes.
2021-06-02T02:11:42.369+0600 [INFO] [org.gradle.launcher.daemon.server.exec.StartBuildOrRespondWithBusy] Daemon is about to start building Build{id=f8054caa-abd6-477d-b836-98add1792589, currentDir=/home/sma/CSE486/1431000-SP21-CSE486-S01/Project/Version01/CPC_JobFinder}. Dispatching build started information...
2021-06-02T02:11:42.369+0600 [DEBUG] [org.gradle.launcher.daemon.server.SynchronizedDispatchConnection] thread 18: dispatching org.gradle.launcher.daemon.protocol.BuildStarted@7ce5fd74
2021-06-02T02:11:42.370+0600 [DEBUG] [org.gradle.launcher.daemon.server.exec.EstablishBuildEnvironment] Configuring env variables: {PATH=/usr/local/sbin:/usr/local/bin:/usr/sbin:/usr/bin:/sbin:/bin:/usr/games:/usr/local/games:/snap/bin, LC_MEASUREMENT=bn_BD, XAUTHORITY=/home/sma/.Xauthority, LC_TELEPHONE=bn_BD, XDG_DATA_DIRS=/usr/share/cinnamon:/usr/share/gnome:/home/sma/.local/share/flatpak/exports/share:/var/lib/flatpak/exports/share:/usr/local/share:/usr/share, MANDATORY_PATH=/usr/share/gconf/cinnamon.mandatory.path, GDMSESSION=cinnamon, DBUS_SESSION_BUS_ADDRESS=unix:path=/run/user/1000/bus, DEFAULTS_PATH=/usr/share/gconf/cinnamon.default.path, XDG_CURRENT_DESKTOP=X-Cinnamon, SSH_AGENT_PID=1315, LC_PAPER=bn_BD, SESSION_MANAGER=local/sma-MS-7C02:@/tmp/.ICE-unix/1243,unix/sma-MS-7C02:/tmp/.ICE-unix/1243, LOGNAME=sma, PWD=/home/sma, LANGUAGE=en_US, GJS_DEBUG_TOPICS=JS ERROR;JS LOG, SHELL=/bin/bash, LC_ADDRESS=bn_BD, GIO_LAUNCHED_DESKTOP_FILE=/usr/share/applications/android-studio.desktop, OLDPWD=/opt/android-studio-4.1/android-studio/bin, GNOME_DESKTOP_SESSION_ID=this-is-deprecated, GTK_MODULES=gail:atk-bridge, XDG_SESSION_PATH=/org/freedesktop/DisplayManager/Session0, XDG_SESSION_DESKTOP=cinnamon, SHLVL=0, LC_IDENTIFICATION=bn_BD, LC_MONETARY=bn_BD, XDG_CONFIG_DIRS=/etc/xdg/xdg-cinnamon:/etc/xdg, LANG=en_US.UTF-8, XDG_SEAT_PATH=/org/freedesktop/DisplayManager/Seat0, XDG_SESSION_TYPE=x11, XDG_SESSION_ID=c2, DISPLAY=:0, CINNAMON_VERSION=4.8.6, LC_NAME=bn_BD, XDG_SESSION_CLASS=user, GDM_LANG=en_US, GTK3_MODULES=xapp-gtk3-module, XDG_GREETER_DATA_DIR=/var/lib/lightdm-data/sma, DESKTOP_SESSION=cinnamon, GPG_AGENT_INFO=/run/user/1000/gnupg/S.gpg-agent:0:1, USER=sma, GIO_LAUNCHED_DESKTOP_FILE_PID=38554, QT_ACCESSIBILITY=1, GJS_DEBUG_OUTPUT=stderr, LC_NUMERIC=bn_BD, XDG_SEAT=seat0, SSH_AUTH_SOCK=/run/user/1000/keyring/ssh, GTK_OVERLAY_SCROLLING=1, QT_QPA_PLATFORMTHEME=qt5ct, XDG_VTNR=7, XDG_RUNTIME_DIR=/run/user/1000, HOME=/home/sma}
2021-06-02T02:11:42.373+0600 [DEBUG] [org.gradle.launcher.daemon.server.SynchronizedDispatchConnection] thread 16: received class org.gradle.launcher.daemon.protocol.CloseInput
2021-06-02T02:11:42.373+0600 [DEBUG] [org.gradle.launcher.daemon.server.DefaultDaemonConnection] thread 16: Received IO message from client: org.gradle.launcher.daemon.protocol.CloseInput@11afc468
2021-06-02T02:11:42.374+0600 [DEBUG] [org.gradle.launcher.daemon.server.exec.LogToClient] About to start relaying all logs to the client via the connection.
2021-06-02T02:11:42.374+0600 [INFO] [org.gradle.launcher.daemon.server.exec.LogToClient] The client will now receive all logging from the daemon (pid: 39050). The daemon log file: /home/sma/CSE486/1431000-SP21-CSE486-S01/Project/Version01/CPC_JobFinder/wrapper/daemon/6.5/daemon-39050.out.log
2021-06-02T02:11:42.375+0600 [INFO] [org.gradle.launcher.daemon.server.exec.LogAndCheckHealth] Starting build in new daemon [memory: 1.4 GB]
2021-06-02T02:11:42.376+0600 [INFO] [org.gradle.launcher.daemon.server.exec.ForwardClientInput] Closing daemon's stdin at end of input.
2021-06-02T02:11:42.376+0600 [INFO] [org.gradle.launcher.daemon.server.exec.ForwardClientInput] The daemon will no longer process any standard input.
2021-06-02T02:11:42.378+0600 [DEBUG] [org.gradle.launcher.daemon.server.exec.ExecuteBuild] The daemon has started executing the build.
2021-06-02T02:11:42.378+0600 [DEBUG] [org.gradle.launcher.daemon.server.exec.ExecuteBuild] Executing build with daemon context: DefaultDaemonContext[uid=31a71fdc-70b4-41ba-b18e-b97e81c942f6,javaHome=/opt/android-studio-4.1/android-studio/jre,daemonRegistryDir=/home/sma/CSE486/1431000-SP21-CSE486-S01/Project/Version01/CPC_JobFinder/wrapper/daemon,pid=39050,idleTimeout=10800000,priority=NORMAL,daemonOpts=-Xmx1536M,-Dfile.encoding=UTF-8,-Duser.country=US,-Duser.language=en,-Duser.variant]
The Android Gradle plugin's build cache has been deprecated.
It will be removed in version 5.0 of the Android Gradle plugin.
It does not do anything and AGP is now using Gradle caching.
The cleanBuildCache task will also be removed in the same version.

BUILD SUCCESSFUL in 3s
1 actionable task: 1 executed
2021-06-02T02:11:45.258+0600 [DEBUG] [org.gradle.launcher.daemon.server.exec.ExecuteBuild] The daemon has finished executing the build.
2021-06-02T02:11:45.270+0600 [DEBUG] [org.gradle.launcher.daemon.server.DaemonStateCoordinator] daemon is running. Sleeping until state changes.
2021-06-02T02:11:45.270+0600 [DEBUG] [org.gradle.launcher.daemon.server.DaemonStateCoordinator] Command execution: finished waiting for DaemonCommandExecution[command = Build{id=f8054caa-abd6-477d-b836-98add1792589, currentDir=/home/sma/CSE486/1431000-SP21-CSE486-S01/Project/Version01/CPC_JobFinder}, connection = DefaultDaemonConnection: socket connection from /127.0.0.1:35423 to /127.0.0.1:60578]. Result org.gradle.launcher.daemon.server.DaemonStateCoordinator@bf52593 with state Busy
2021-06-02T02:11:45.270+0600 [DEBUG] [org.gradle.launcher.daemon.server.DaemonStateCoordinator] Command execution: completed DaemonCommandExecution[command = Build{id=f8054caa-abd6-477d-b836-98add1792589, currentDir=/home/sma/CSE486/1431000-SP21-CSE486-S01/Project/Version01/CPC_JobFinder}, connection = DefaultDaemonConnection: socket connection from /127.0.0.1:35423 to /127.0.0.1:60578]
2021-06-02T02:11:45.271+0600 [DEBUG] [org.gradle.launcher.daemon.server.DaemonStateCoordinator] resetting idle timer
2021-06-02T02:11:45.271+0600 [INFO] [org.gradle.launcher.daemon.server.DaemonRegistryUpdater] Marking the daemon as idle, address: [b0ebc8a0-d6a7-439b-b0c5-7eaada86a7eb port:35423, addresses:[localhost/127.0.0.1]]
2021-06-02T02:11:45.271+0600 [DEBUG] [org.gradle.launcher.daemon.registry.PersistentDaemonRegistry] Marking busy by address: [b0ebc8a0-d6a7-439b-b0c5-7eaada86a7eb port:35423, addresses:[localhost/127.0.0.1]]
2021-06-02T02:11:45.271+0600 [DEBUG] [org.gradle.cache.internal.DefaultFileLockManager] Waiting to acquire exclusive lock on daemon addresses registry.
2021-06-02T02:11:45.272+0600 [DEBUG] [org.gradle.cache.internal.DefaultFileLockManager] Lock acquired on daemon addresses registry.
2021-06-02T02:11:45.272+0600 [DEBUG] [org.gradle.cache.internal.DefaultFileLockManager] Releasing lock on daemon addresses registry.
2021-06-02T02:11:45.273+0600 [DEBUG] [org.gradle.launcher.daemon.server.DaemonStateCoordinator] daemon is running. Sleeping until state changes.
2021-06-02T02:11:45.273+0600 [DEBUG] [org.gradle.launcher.daemon.server.exec.ReturnResult] Daemon is dispatching the build result: Success[value=org.gradle.launcher.exec.BuildActionResult@3786166a]
2021-06-02T02:11:45.273+0600 [DEBUG] [org.gradle.launcher.daemon.server.SynchronizedDispatchConnection] thread 15: dispatching Success[value=org.gradle.launcher.exec.BuildActionResult@3786166a]
2021-06-02T02:11:45.273+0600 [DEBUG] [org.gradle.launcher.daemon.server.DefaultIncomingConnectionHandler] Finishing executing command: Build{id=f8054caa-abd6-477d-b836-98add1792589, currentDir=/home/sma/CSE486/1431000-SP21-CSE486-S01/Project/Version01/CPC_JobFinder}
2021-06-02T02:11:45.275+0600 [DEBUG] [org.gradle.launcher.daemon.server.SynchronizedDispatchConnection] thread 16: received class org.gradle.launcher.daemon.protocol.Finished
2021-06-02T02:11:45.275+0600 [DEBUG] [org.gradle.launcher.daemon.server.DefaultDaemonConnection] thread 16: Received non-IO message from client: org.gradle.launcher.daemon.protocol.Finished@69fd2751
2021-06-02T02:11:45.275+0600 [DEBUG] [org.gradle.launcher.daemon.server.DefaultIncomingConnectionHandler] Received finished message: org.gradle.launcher.daemon.protocol.Finished@69fd2751
2021-06-02T02:11:45.275+0600 [DEBUG] [org.gradle.launcher.daemon.server.SynchronizedDispatchConnection] thread 15: stopping connection
2021-06-02T02:11:45.275+0600 [DEBUG] [org.gradle.internal.remote.internal.inet.SocketConnection] Discarding EOFException: java.io.EOFException
2021-06-02T02:11:45.275+0600 [DEBUG] [org.gradle.launcher.daemon.server.SynchronizedDispatchConnection] thread 16: received null
2021-06-02T02:11:45.276+0600 [DEBUG] [org.gradle.launcher.daemon.server.DefaultDaemonConnection] thread 16: Received end-of-input from client.
2021-06-02T02:11:45.276+0600 [DEBUG] [org.gradle.launcher.daemon.server.SynchronizedDispatchConnection] thread 15: stopping connection
2021-06-02T02:11:52.311+0600 [DEBUG] [org.gradle.cache.internal.DefaultFileLockManager] Waiting to acquire shared lock on daemon addresses registry.
2021-06-02T02:11:52.311+0600 [DEBUG] [org.gradle.cache.internal.DefaultFileLockManager] Lock acquired on daemon addresses registry.
2021-06-02T02:11:52.312+0600 [DEBUG] [org.gradle.cache.internal.DefaultFileLockManager] Releasing lock on daemon addresses registry.
2021-06-02T02:11:52.312+0600 [DEBUG] [org.gradle.cache.internal.DefaultFileLockManager] Waiting to acquire shared lock on daemon addresses registry.
2021-06-02T02:11:52.312+0600 [DEBUG] [org.gradle.cache.internal.DefaultFileLockManager] Lock acquired on daemon addresses registry.
2021-06-02T02:11:52.312+0600 [DEBUG] [org.gradle.cache.internal.DefaultFileLockManager] Releasing lock on daemon addresses registry.
2021-06-02T02:12:02.310+0600 [DEBUG] [org.gradle.cache.internal.DefaultFileLockManager] Waiting to acquire shared lock on daemon addresses registry.
2021-06-02T02:12:02.310+0600 [DEBUG] [org.gradle.cache.internal.DefaultFileLockManager] Lock acquired on daemon addresses registry.
2021-06-02T02:12:02.310+0600 [DEBUG] [org.gradle.cache.internal.DefaultFileLockManager] Releasing lock on daemon addresses registry.
2021-06-02T02:12:02.311+0600 [DEBUG] [org.gradle.cache.internal.DefaultFileLockManager] Waiting to acquire shared lock on daemon addresses registry.
2021-06-02T02:12:02.311+0600 [DEBUG] [org.gradle.cache.internal.DefaultFileLockManager] Lock acquired on daemon addresses registry.
2021-06-02T02:12:02.311+0600 [DEBUG] [org.gradle.cache.internal.DefaultFileLockManager] Releasing lock on daemon addresses registry.
2021-06-02T02:12:02.311+0600 [DEBUG] [org.gradle.cache.internal.DefaultFileLockManager] Waiting to acquire shared lock on daemon addresses registry.
2021-06-02T02:12:02.311+0600 [DEBUG] [org.gradle.cache.internal.DefaultFileLockManager] Lock acquired on daemon addresses registry.
2021-06-02T02:12:02.312+0600 [DEBUG] [org.gradle.cache.internal.DefaultFileLockManager] Releasing lock on daemon addresses registry.
2021-06-02T02:12:12.310+0600 [DEBUG] [org.gradle.cache.internal.DefaultFileLockManager] Waiting to acquire shared lock on daemon addresses registry.
2021-06-02T02:12:12.310+0600 [DEBUG] [org.gradle.cache.internal.DefaultFileLockManager] Lock acquired on daemon addresses registry.
2021-06-02T02:12:12.310+0600 [DEBUG] [org.gradle.cache.internal.DefaultFileLockManager] Releasing lock on daemon addresses registry.
2021-06-02T02:12:12.310+0600 [DEBUG] [org.gradle.cache.internal.DefaultFileLockManager] Waiting to acquire shared lock on daemon addresses registry.
2021-06-02T02:12:12.310+0600 [DEBUG] [org.gradle.cache.internal.DefaultFileLockManager] Lock acquired on daemon addresses registry.
2021-06-02T02:12:12.311+0600 [DEBUG] [org.gradle.cache.internal.DefaultFileLockManager] Releasing lock on daemon addresses registry.
2021-06-02T02:12:12.311+0600 [DEBUG] [org.gradle.cache.internal.DefaultFileLockManager] Waiting to acquire shared lock on daemon addresses registry.
2021-06-02T02:12:12.311+0600 [DEBUG] [org.gradle.cache.internal.DefaultFileLockManager] Lock acquired on daemon addresses registry.
2021-06-02T02:12:12.311+0600 [DEBUG] [org.gradle.cache.internal.DefaultFileLockManager] Releasing lock on daemon addresses registry.
